<?xml version="1.0" encoding="UTF-8"?>
<!-- Generated by org.testng.reporters.JUnitReportReporter -->
<testsuite hostname="Jannats-Air.fios-router.home" failures="0" tests="1" name="TestRunner" time="10.989" errors="0" timestamp="2022-01-26T19:15:55 EST" skipped="0">
  <testcase classname="TestRunner" name="runScenario" time="10.989"/>
  <system-out/>
</testsuite> <!-- TestRunner -->
